[17-Sep-2017 06:20:16 UTC] PHP Fatal error:  Call to a member function prepare() on a non-object in /home/ubuntu/workspace/php/create_method.php on line 162
[17-Sep-2017 06:20:16 UTC] PHP Stack trace:
[17-Sep-2017 06:20:16 UTC] PHP   1. {main}() /home/ubuntu/workspace/php/create_method.php:0
[17-Sep-2017 06:35:54 UTC] PHP Warning:  count() expects at least 1 parameter, 0 given in /home/ubuntu/workspace/php/create_method.php on line 162
[17-Sep-2017 06:35:54 UTC] PHP Stack trace:
[17-Sep-2017 06:35:54 UTC] PHP   1. {main}() /home/ubuntu/workspace/php/create_method.php:0
[17-Sep-2017 06:35:54 UTC] PHP   2. count() /home/ubuntu/workspace/php/create_method.php:162
[23-Sep-2017 04:41:05 UTC] PHP Warning:  Invalid argument supplied for foreach() in /home/ubuntu/workspace/php/search_result.php on line 254
[23-Sep-2017 04:41:05 UTC] PHP Stack trace:
[23-Sep-2017 04:41:05 UTC] PHP   1. {main}() /home/ubuntu/workspace/php/search_result.php:0
[23-Sep-2017 04:42:35 UTC] PHP Warning:  Invalid argument supplied for foreach() in /home/ubuntu/workspace/php/search_result.php on line 254
[23-Sep-2017 04:42:35 UTC] PHP Stack trace:
[23-Sep-2017 04:42:35 UTC] PHP   1. {main}() /home/ubuntu/workspace/php/search_result.php:0
[23-Sep-2017 04:43:16 UTC] PHP Fatal error:  Call to undefined method mysqli_stmt::fetch_assoc() in /home/ubuntu/workspace/php/search_result.php on line 177
[23-Sep-2017 04:43:16 UTC] PHP Stack trace:
[23-Sep-2017 04:43:16 UTC] PHP   1. {main}() /home/ubuntu/workspace/php/search_result.php:0
[23-Sep-2017 04:46:13 UTC] PHP Fatal error:  Call to undefined method mysqli_stmt::fetch_array() in /home/ubuntu/workspace/php/search_result.php on line 177
[23-Sep-2017 04:46:13 UTC] PHP Stack trace:
[23-Sep-2017 04:46:13 UTC] PHP   1. {main}() /home/ubuntu/workspace/php/search_result.php:0
[23-Sep-2017 04:47:11 UTC] PHP Fatal error:  Call to undefined method mysqli_stmt::fetch_array() in /home/ubuntu/workspace/php/search_result.php on line 177
[23-Sep-2017 04:47:11 UTC] PHP Stack trace:
[23-Sep-2017 04:47:11 UTC] PHP   1. {main}() /home/ubuntu/workspace/php/search_result.php:0
[23-Sep-2017 04:47:42 UTC] PHP Fatal error:  Call to undefined method mysqli_stmt::fetch_array() in /home/ubuntu/workspace/php/search_result.php on line 177
[23-Sep-2017 04:47:42 UTC] PHP Stack trace:
[23-Sep-2017 04:47:42 UTC] PHP   1. {main}() /home/ubuntu/workspace/php/search_result.php:0
[23-Sep-2017 04:49:13 UTC] PHP Fatal error:  Call to undefined method mysqli_stmt::fetch_array() in /home/ubuntu/workspace/php/search_result.php on line 177
[23-Sep-2017 04:49:13 UTC] PHP Stack trace:
[23-Sep-2017 04:49:13 UTC] PHP   1. {main}() /home/ubuntu/workspace/php/search_result.php:0
[23-Sep-2017 05:45:45 UTC] PHP Warning:  mysqli_stmt::bind_param(): Number of elements in type definition string doesn't match number of bind variables in /home/ubuntu/workspace/php/create_method.php on line 170
[23-Sep-2017 05:45:45 UTC] PHP Stack trace:
[23-Sep-2017 05:45:45 UTC] PHP   1. {main}() /home/ubuntu/workspace/php/create_method.php:0
[23-Sep-2017 05:45:45 UTC] PHP   2. mysqli_stmt->bind_param() /home/ubuntu/workspace/php/create_method.php:170
[23-Sep-2017 05:45:45 UTC] PHP Fatal error:  Call to a member function bind_param() on a non-object in /home/ubuntu/workspace/php/create_method.php on line 184
[23-Sep-2017 05:45:45 UTC] PHP Stack trace:
[23-Sep-2017 05:45:45 UTC] PHP   1. {main}() /home/ubuntu/workspace/php/create_method.php:0
[23-Sep-2017 05:46:54 UTC] PHP Fatal error:  Call to a member function bind_param() on a non-object in /home/ubuntu/workspace/php/create_method.php on line 184
[23-Sep-2017 05:46:54 UTC] PHP Stack trace:
[23-Sep-2017 05:46:54 UTC] PHP   1. {main}() /home/ubuntu/workspace/php/create_method.php:0
[23-Sep-2017 08:40:03 UTC] PHP Warning:  call_user_func_array() expects parameter 1 to be a valid callback, first array member is not a valid class name or object in /home/ubuntu/workspace/php/search_result.php on line 172
[23-Sep-2017 08:40:03 UTC] PHP Stack trace:
[23-Sep-2017 08:40:03 UTC] PHP   1. {main}() /home/ubuntu/workspace/php/search_result.php:0
[23-Sep-2017 08:40:03 UTC] PHP   2. call_user_func_array:{/home/ubuntu/workspace/php/search_result.php:172}() /home/ubuntu/workspace/php/search_result.php:172
[23-Sep-2017 08:40:03 UTC] PHP Fatal error:  Call to a member function execute() on a non-object in /home/ubuntu/workspace/php/search_result.php on line 179
[23-Sep-2017 08:40:03 UTC] PHP Stack trace:
[23-Sep-2017 08:40:03 UTC] PHP   1. {main}() /home/ubuntu/workspace/php/search_result.php:0
[23-Sep-2017 08:41:32 UTC] PHP Warning:  call_user_func_array() expects parameter 1 to be a valid callback, first array member is not a valid class name or object in /home/ubuntu/workspace/php/search_result.php on line 172
[23-Sep-2017 08:41:32 UTC] PHP Stack trace:
[23-Sep-2017 08:41:32 UTC] PHP   1. {main}() /home/ubuntu/workspace/php/search_result.php:0
[23-Sep-2017 08:41:32 UTC] PHP   2. call_user_func_array:{/home/ubuntu/workspace/php/search_result.php:172}() /home/ubuntu/workspace/php/search_result.php:172
[23-Sep-2017 08:41:32 UTC] PHP Fatal error:  Call to a member function execute() on a non-object in /home/ubuntu/workspace/php/search_result.php on line 179
[23-Sep-2017 08:41:32 UTC] PHP Stack trace:
[23-Sep-2017 08:41:32 UTC] PHP   1. {main}() /home/ubuntu/workspace/php/search_result.php:0
[23-Sep-2017 08:41:55 UTC] PHP Warning:  call_user_func_array() expects parameter 1 to be a valid callback, first array member is not a valid class name or object in /home/ubuntu/workspace/php/search_result.php on line 172
[23-Sep-2017 08:41:55 UTC] PHP Stack trace:
[23-Sep-2017 08:41:55 UTC] PHP   1. {main}() /home/ubuntu/workspace/php/search_result.php:0
[23-Sep-2017 08:41:55 UTC] PHP   2. call_user_func_array:{/home/ubuntu/workspace/php/search_result.php:172}() /home/ubuntu/workspace/php/search_result.php:172
[23-Sep-2017 08:41:55 UTC] PHP Fatal error:  Call to a member function execute() on a non-object in /home/ubuntu/workspace/php/search_result.php on line 179
[23-Sep-2017 08:41:55 UTC] PHP Stack trace:
[23-Sep-2017 08:41:55 UTC] PHP   1. {main}() /home/ubuntu/workspace/php/search_result.php:0
[23-Sep-2017 08:45:00 UTC] PHP Warning:  call_user_func_array() expects parameter 1 to be a valid callback, first array member is not a valid class name or object in /home/ubuntu/workspace/php/search_result.php on line 172
[23-Sep-2017 08:45:00 UTC] PHP Stack trace:
[23-Sep-2017 08:45:00 UTC] PHP   1. {main}() /home/ubuntu/workspace/php/search_result.php:0
[23-Sep-2017 08:45:00 UTC] PHP   2. call_user_func_array:{/home/ubuntu/workspace/php/search_result.php:172}() /home/ubuntu/workspace/php/search_result.php:172
[23-Sep-2017 08:45:00 UTC] PHP Fatal error:  Call to a member function execute() on a non-object in /home/ubuntu/workspace/php/search_result.php on line 179
[23-Sep-2017 08:45:00 UTC] PHP Stack trace:
[23-Sep-2017 08:45:00 UTC] PHP   1. {main}() /home/ubuntu/workspace/php/search_result.php:0
[23-Sep-2017 08:48:42 UTC] PHP Warning:  call_user_func_array() expects parameter 1 to be a valid callback, first array member is not a valid class name or object in /home/ubuntu/workspace/php/search_result.php on line 172
[23-Sep-2017 08:48:42 UTC] PHP Stack trace:
[23-Sep-2017 08:48:42 UTC] PHP   1. {main}() /home/ubuntu/workspace/php/search_result.php:0
[23-Sep-2017 08:48:42 UTC] PHP   2. call_user_func_array:{/home/ubuntu/workspace/php/search_result.php:172}() /home/ubuntu/workspace/php/search_result.php:172
[23-Sep-2017 08:48:42 UTC] PHP Fatal error:  Call to a member function execute() on a non-object in /home/ubuntu/workspace/php/search_result.php on line 179
[23-Sep-2017 08:48:42 UTC] PHP Stack trace:
[23-Sep-2017 08:48:42 UTC] PHP   1. {main}() /home/ubuntu/workspace/php/search_result.php:0
[23-Sep-2017 08:49:18 UTC] PHP Warning:  call_user_func_array() expects parameter 1 to be a valid callback, first array member is not a valid class name or object in /home/ubuntu/workspace/php/search_result.php on line 172
[23-Sep-2017 08:49:18 UTC] PHP Stack trace:
[23-Sep-2017 08:49:18 UTC] PHP   1. {main}() /home/ubuntu/workspace/php/search_result.php:0
[23-Sep-2017 08:49:18 UTC] PHP   2. call_user_func_array:{/home/ubuntu/workspace/php/search_result.php:172}() /home/ubuntu/workspace/php/search_result.php:172
[23-Sep-2017 08:49:18 UTC] PHP Fatal error:  Call to a member function execute() on a non-object in /home/ubuntu/workspace/php/search_result.php on line 179
[23-Sep-2017 08:49:18 UTC] PHP Stack trace:
[23-Sep-2017 08:49:18 UTC] PHP   1. {main}() /home/ubuntu/workspace/php/search_result.php:0
[23-Sep-2017 08:52:24 UTC] PHP Warning:  call_user_func_array() expects parameter 1 to be a valid callback, first array member is not a valid class name or object in /home/ubuntu/workspace/php/search_result.php on line 172
[23-Sep-2017 08:52:24 UTC] PHP Stack trace:
[23-Sep-2017 08:52:24 UTC] PHP   1. {main}() /home/ubuntu/workspace/php/search_result.php:0
[23-Sep-2017 08:52:24 UTC] PHP   2. call_user_func_array:{/home/ubuntu/workspace/php/search_result.php:172}() /home/ubuntu/workspace/php/search_result.php:172
[23-Sep-2017 08:52:24 UTC] PHP Fatal error:  Call to a member function execute() on a non-object in /home/ubuntu/workspace/php/search_result.php on line 179
[23-Sep-2017 08:52:24 UTC] PHP Stack trace:
[23-Sep-2017 08:52:24 UTC] PHP   1. {main}() /home/ubuntu/workspace/php/search_result.php:0
[23-Sep-2017 08:55:31 UTC] PHP Warning:  mysqli_stmt_bind_param() expects parameter 1 to be mysqli_stmt, boolean given in /home/ubuntu/workspace/php/search_result.php on line 173
[23-Sep-2017 08:55:31 UTC] PHP Stack trace:
[23-Sep-2017 08:55:31 UTC] PHP   1. {main}() /home/ubuntu/workspace/php/search_result.php:0
[23-Sep-2017 08:55:31 UTC] PHP   2. call_user_func_array:{/home/ubuntu/workspace/php/search_result.php:173}() /home/ubuntu/workspace/php/search_result.php:173
[23-Sep-2017 08:55:31 UTC] PHP   3. mysqli_stmt_bind_param() /home/ubuntu/workspace/php/search_result.php:173
[23-Sep-2017 08:55:31 UTC] PHP Fatal error:  Call to a member function execute() on a non-object in /home/ubuntu/workspace/php/search_result.php on line 180
[23-Sep-2017 08:55:31 UTC] PHP Stack trace:
[23-Sep-2017 08:55:31 UTC] PHP   1. {main}() /home/ubuntu/workspace/php/search_result.php:0
[23-Sep-2017 08:56:38 UTC] PHP Warning:  mysqli_stmt_bind_param() expects parameter 1 to be mysqli_stmt, boolean given in /home/ubuntu/workspace/php/search_result.php on line 173
[23-Sep-2017 08:56:38 UTC] PHP Stack trace:
[23-Sep-2017 08:56:38 UTC] PHP   1. {main}() /home/ubuntu/workspace/php/search_result.php:0
[23-Sep-2017 08:56:38 UTC] PHP   2. call_user_func_array:{/home/ubuntu/workspace/php/search_result.php:173}() /home/ubuntu/workspace/php/search_result.php:173
[23-Sep-2017 08:56:38 UTC] PHP   3. mysqli_stmt_bind_param() /home/ubuntu/workspace/php/search_result.php:173
[23-Sep-2017 08:56:38 UTC] PHP Fatal error:  Call to a member function execute() on a non-object in /home/ubuntu/workspace/php/search_result.php on line 180
[23-Sep-2017 08:56:38 UTC] PHP Stack trace:
[23-Sep-2017 08:56:38 UTC] PHP   1. {main}() /home/ubuntu/workspace/php/search_result.php:0
[23-Sep-2017 08:58:49 UTC] PHP Fatal error:  Call to a member function execute() on a non-object in /home/ubuntu/workspace/php/search_result.php on line 180
[23-Sep-2017 08:58:49 UTC] PHP Stack trace:
[23-Sep-2017 08:58:49 UTC] PHP   1. {main}() /home/ubuntu/workspace/php/search_result.php:0
[24-Sep-2017 05:17:29 UTC] PHP Warning:  mysqli_stmt_bind_param() expects parameter 1 to be mysqli_stmt, boolean given in /home/ubuntu/workspace/php/search_result.php on line 173
[24-Sep-2017 05:17:29 UTC] PHP Stack trace:
[24-Sep-2017 05:17:29 UTC] PHP   1. {main}() /home/ubuntu/workspace/php/search_result.php:0
[24-Sep-2017 05:17:29 UTC] PHP   2. call_user_func_array:{/home/ubuntu/workspace/php/search_result.php:173}() /home/ubuntu/workspace/php/search_result.php:173
[24-Sep-2017 05:17:29 UTC] PHP   3. mysqli_stmt_bind_param() /home/ubuntu/workspace/php/search_result.php:173
[24-Sep-2017 05:17:29 UTC] PHP Fatal error:  Call to a member function execute() on a non-object in /home/ubuntu/workspace/php/search_result.php on line 180
[24-Sep-2017 05:17:29 UTC] PHP Stack trace:
[24-Sep-2017 05:17:29 UTC] PHP   1. {main}() /home/ubuntu/workspace/php/search_result.php:0
[24-Sep-2017 05:55:06 UTC] PHP Fatal error:  Call to a member function execute() on a non-object in /home/ubuntu/workspace/php/search_result.php on line 180
[24-Sep-2017 05:55:06 UTC] PHP Stack trace:
[24-Sep-2017 05:55:06 UTC] PHP   1. {main}() /home/ubuntu/workspace/php/search_result.php:0
[24-Sep-2017 05:55:25 UTC] PHP Fatal error:  Call to a member function execute() on a non-object in /home/ubuntu/workspace/php/search_result.php on line 180
[24-Sep-2017 05:55:25 UTC] PHP Stack trace:
[24-Sep-2017 05:55:25 UTC] PHP   1. {main}() /home/ubuntu/workspace/php/search_result.php:0
[24-Sep-2017 05:56:40 UTC] PHP Fatal error:  Call to undefined method mysqli_stmt::fetch_assoc() in /home/ubuntu/workspace/php/download.php on line 46
[24-Sep-2017 05:56:40 UTC] PHP Stack trace:
[24-Sep-2017 05:56:40 UTC] PHP   1. {main}() /home/ubuntu/workspace/php/download.php:0
[30-Sep-2017 05:32:08 UTC] PHP Fatal error:  Call to a member function bind_param() on a non-object in /home/ubuntu/workspace/php/mth_dnl.php on line 68
[30-Sep-2017 05:32:08 UTC] PHP Stack trace:
[30-Sep-2017 05:32:08 UTC] PHP   1. {main}() /home/ubuntu/workspace/php/mth_dnl.php:0
[01-Oct-2017 05:55:20 UTC] PHP Warning:  require(/php/int_mailjet.php): failed to open stream: No such file or directory in /home/ubuntu/workspace/archive/_test.php on line 2
[01-Oct-2017 05:55:20 UTC] PHP Stack trace:
[01-Oct-2017 05:55:20 UTC] PHP   1. {main}() /home/ubuntu/workspace/archive/_test.php:0
[01-Oct-2017 05:55:20 UTC] PHP Fatal error:  require(): Failed opening required '/php/int_mailjet.php' (include_path='.:/usr/share/php:/usr/share/pear') in /home/ubuntu/workspace/archive/_test.php on line 2
[01-Oct-2017 05:55:20 UTC] PHP Stack trace:
[01-Oct-2017 05:55:20 UTC] PHP   1. {main}() /home/ubuntu/workspace/archive/_test.php:0
[01-Oct-2017 05:56:10 UTC] PHP Warning:  require(int_mailjet.php): failed to open stream: No such file or directory in /home/ubuntu/workspace/archive/_test.php on line 2
[01-Oct-2017 05:56:10 UTC] PHP Stack trace:
[01-Oct-2017 05:56:10 UTC] PHP   1. {main}() /home/ubuntu/workspace/archive/_test.php:0
[01-Oct-2017 05:56:10 UTC] PHP Fatal error:  require(): Failed opening required 'int_mailjet.php' (include_path='.:/usr/share/php:/usr/share/pear') in /home/ubuntu/workspace/archive/_test.php on line 2
[01-Oct-2017 05:56:10 UTC] PHP Stack trace:
[01-Oct-2017 05:56:10 UTC] PHP   1. {main}() /home/ubuntu/workspace/archive/_test.php:0
[01-Oct-2017 05:57:16 UTC] PHP Catchable fatal error:  Object of class stdClass could not be converted to string in /home/ubuntu/workspace/archive/_test.php on line 13
[01-Oct-2017 05:57:16 UTC] PHP Stack trace:
[01-Oct-2017 05:57:16 UTC] PHP   1. {main}() /home/ubuntu/workspace/archive/_test.php:0
[01-Oct-2017 05:59:59 UTC] PHP Catchable fatal error:  Object of class stdClass could not be converted to string in /home/ubuntu/workspace/archive/_test.php on line 12
[01-Oct-2017 05:59:59 UTC] PHP Stack trace:
[01-Oct-2017 05:59:59 UTC] PHP   1. {main}() /home/ubuntu/workspace/archive/_test.php:0
[01-Oct-2017 06:11:52 UTC] PHP Fatal error:  Cannot use object of type stdClass as array in /home/ubuntu/workspace/archive/_test.php on line 18
[01-Oct-2017 06:11:52 UTC] PHP Stack trace:
[01-Oct-2017 06:11:52 UTC] PHP   1. {main}() /home/ubuntu/workspace/archive/_test.php:0
[01-Oct-2017 06:16:10 UTC] PHP Fatal error:  Cannot use object of type stdClass as array in /home/ubuntu/workspace/archive/_test.php on line 27
[01-Oct-2017 06:16:10 UTC] PHP Stack trace:
[01-Oct-2017 06:16:10 UTC] PHP   1. {main}() /home/ubuntu/workspace/archive/_test.php:0
[07-Oct-2017 14:58:52 UTC] PHP Fatal error:  Cannot redeclare class GlobalParam in /home/ubuntu/workspace/php/model/mdl_par.php on line 15
[07-Oct-2017 14:58:52 UTC] PHP Stack trace:
[07-Oct-2017 14:58:52 UTC] PHP   1. {main}() /home/ubuntu/workspace/php/usr_new.php:0
[07-Oct-2017 15:03:19 UTC] PHP Fatal error:  Call to undefined function UserAccount() in /home/ubuntu/workspace/php/usr_new.php on line 44
[07-Oct-2017 15:03:19 UTC] PHP Stack trace:
[07-Oct-2017 15:03:19 UTC] PHP   1. {main}() /home/ubuntu/workspace/php/usr_new.php:0
[07-Oct-2017 15:04:55 UTC] PHP Fatal error:  Cannot access empty property in /home/ubuntu/workspace/php/model/mdl_usr.php on line 38
[07-Oct-2017 15:04:55 UTC] PHP Stack trace:
[07-Oct-2017 15:04:55 UTC] PHP   1. {main}() /home/ubuntu/workspace/php/usr_new.php:0
[07-Oct-2017 15:04:55 UTC] PHP   2. UserAccount->__construct() /home/ubuntu/workspace/php/usr_new.php:44
[07-Oct-2017 15:16:33 UTC] PHP Parse error:  syntax error, unexpected '->' (T_OBJECT_OPERATOR), expecting ')' in /home/ubuntu/workspace/php/model/mdl_usr.php on line 66
[07-Oct-2017 15:16:33 UTC] PHP Stack trace:
[07-Oct-2017 15:16:33 UTC] PHP   1. {main}() /home/ubuntu/workspace/php/usr_new.php:0
[07-Oct-2017 15:18:46 UTC] PHP Fatal error:  Call to a member function prepare() on a non-object in /home/ubuntu/workspace/php/model/mdl_usr.php on line 85
[07-Oct-2017 15:18:46 UTC] PHP Stack trace:
[07-Oct-2017 15:18:46 UTC] PHP   1. {main}() /home/ubuntu/workspace/php/usr_new.php:0
[07-Oct-2017 15:18:46 UTC] PHP   2. UserAccount->load_by_email() /home/ubuntu/workspace/php/usr_new.php:45
[07-Oct-2017 15:25:57 UTC] PHP Fatal error:  Call to undefined function UserAccount() in /home/ubuntu/workspace/php/usr_new.php on line 51
[07-Oct-2017 15:25:57 UTC] PHP Stack trace:
[07-Oct-2017 15:25:57 UTC] PHP   1. {main}() /home/ubuntu/workspace/php/usr_new.php:0
[07-Oct-2017 15:31:38 UTC] PHP Fatal error:  Cannot access empty property in /home/ubuntu/workspace/php/usr_new.php on line 52
[07-Oct-2017 15:31:38 UTC] PHP Stack trace:
[07-Oct-2017 15:31:38 UTC] PHP   1. {main}() /home/ubuntu/workspace/php/usr_new.php:0
[07-Oct-2017 15:33:03 UTC] PHP Fatal error:  Call to undefined function JournalEntry() in /home/ubuntu/workspace/php/model/mdl_usr.php on line 255
[07-Oct-2017 15:33:03 UTC] PHP Stack trace:
[07-Oct-2017 15:33:03 UTC] PHP   1. {main}() /home/ubuntu/workspace/php/usr_new.php:0
[07-Oct-2017 15:33:03 UTC] PHP   2. UserAccount->store() /home/ubuntu/workspace/php/usr_new.php:57
[07-Oct-2017 15:37:21 UTC] PHP Fatal error:  Call to a member function bind_param() on a non-object in /home/ubuntu/workspace/php/model/mdl_jnl.php on line 64
[07-Oct-2017 15:37:21 UTC] PHP Stack trace:
[07-Oct-2017 15:37:21 UTC] PHP   1. {main}() /home/ubuntu/workspace/php/usr_new.php:0
[07-Oct-2017 15:37:21 UTC] PHP   2. UserAccount->store() /home/ubuntu/workspace/php/usr_new.php:57
[07-Oct-2017 15:37:21 UTC] PHP   3. JournalEntry->store() /home/ubuntu/workspace/php/model/mdl_usr.php:258
[07-Oct-2017 15:42:51 UTC] PHP Fatal error:  Call to a member function bind_param() on a non-object in /home/ubuntu/workspace/php/model/mdl_jnl.php on line 63
[07-Oct-2017 15:42:51 UTC] PHP Stack trace:
[07-Oct-2017 15:42:51 UTC] PHP   1. {main}() /home/ubuntu/workspace/php/usr_new.php:0
[07-Oct-2017 15:42:51 UTC] PHP   2. UserAccount->store() /home/ubuntu/workspace/php/usr_new.php:57
[07-Oct-2017 15:42:51 UTC] PHP   3. JournalEntry->store() /home/ubuntu/workspace/php/model/mdl_usr.php:258
[08-Oct-2017 05:27:58 UTC] PHP Fatal error:  Cannot redeclare class JournalEntry in /home/ubuntu/workspace/php/model/mdl_jnl.php on line 15
[08-Oct-2017 05:27:59 UTC] PHP Stack trace:
[08-Oct-2017 05:27:59 UTC] PHP   1. {main}() /home/ubuntu/workspace/php/usr_lin.php:0
[08-Oct-2017 05:29:04 UTC] PHP Fatal error:  Class 'GlobalSession' not found in /home/ubuntu/workspace/php/model/mdl_ssn.php on line 85
[08-Oct-2017 05:29:04 UTC] PHP Stack trace:
[08-Oct-2017 05:29:04 UTC] PHP   1. {main}() /home/ubuntu/workspace/php/usr_lin.php:0
[08-Oct-2017 05:29:04 UTC] PHP   2. UserSession->create() /home/ubuntu/workspace/php/usr_lin.php:43
[08-Oct-2017 05:30:12 UTC] PHP Fatal error:  Cannot access empty property in /home/ubuntu/workspace/php/model/mdl_ssn.php on line 95
[08-Oct-2017 05:30:12 UTC] PHP Stack trace:
[08-Oct-2017 05:30:12 UTC] PHP   1. {main}() /home/ubuntu/workspace/php/usr_lin.php:0
[08-Oct-2017 05:30:12 UTC] PHP   2. UserSession->create() /home/ubuntu/workspace/php/usr_lin.php:43
[14-Oct-2017 04:09:14 UTC] PHP Fatal error:  Call to undefined function array_to_string() in /home/ubuntu/workspace/php/model/mdl_mth.php on line 165
[14-Oct-2017 04:09:14 UTC] PHP Stack trace:
[14-Oct-2017 04:09:14 UTC] PHP   1. {main}() /home/ubuntu/workspace/php/mth_new.php:0
[14-Oct-2017 04:09:14 UTC] PHP   2. TeachingMethod->set_phase() /home/ubuntu/workspace/php/mth_new.php:51
[14-Oct-2017 04:10:40 UTC] PHP Warning:  TeachingMethod::store(): Couldn't fetch mysqli_stmt in /home/ubuntu/workspace/php/model/mdl_mth.php on line 312
[14-Oct-2017 04:10:40 UTC] PHP Stack trace:
[14-Oct-2017 04:10:40 UTC] PHP   1. {main}() /home/ubuntu/workspace/php/mth_new.php:0
[14-Oct-2017 04:10:40 UTC] PHP   2. TeachingMethod->store() /home/ubuntu/workspace/php/mth_new.php:88
[14-Oct-2017 04:10:40 UTC] PHP Warning:  TeachingMethod::store(): Couldn't fetch mysqli_stmt in /home/ubuntu/workspace/php/model/mdl_mth.php on line 313
[14-Oct-2017 04:10:40 UTC] PHP Stack trace:
[14-Oct-2017 04:10:40 UTC] PHP   1. {main}() /home/ubuntu/workspace/php/mth_new.php:0
[14-Oct-2017 04:10:40 UTC] PHP   2. TeachingMethod->store() /home/ubuntu/workspace/php/mth_new.php:88
[14-Oct-2017 04:12:10 UTC] PHP Warning:  include(int_params.php): failed to open stream: No such file or directory in /home/ubuntu/workspace/php/aux_hlp.php on line 16
[14-Oct-2017 04:12:10 UTC] PHP Stack trace:
[14-Oct-2017 04:12:10 UTC] PHP   1. {main}() /home/ubuntu/workspace/php/aux_hlp.php:0
[14-Oct-2017 04:12:10 UTC] PHP Warning:  include(): Failed opening 'int_params.php' for inclusion (include_path='.:/usr/share/php:/usr/share/pear') in /home/ubuntu/workspace/php/aux_hlp.php on line 16
[14-Oct-2017 04:12:10 UTC] PHP Stack trace:
[14-Oct-2017 04:12:10 UTC] PHP   1. {main}() /home/ubuntu/workspace/php/aux_hlp.php:0
[14-Oct-2017 04:12:43 UTC] PHP Warning:  include(int_params.php): failed to open stream: No such file or directory in /home/ubuntu/workspace/php/index.php on line 16
[14-Oct-2017 04:12:43 UTC] PHP Stack trace:
[14-Oct-2017 04:12:43 UTC] PHP   1. {main}() /home/ubuntu/workspace/php/index.php:0
[14-Oct-2017 04:12:43 UTC] PHP Warning:  include(): Failed opening 'int_params.php' for inclusion (include_path='.:/usr/share/php:/usr/share/pear') in /home/ubuntu/workspace/php/index.php on line 16
[14-Oct-2017 04:12:43 UTC] PHP Stack trace:
[14-Oct-2017 04:12:43 UTC] PHP   1. {main}() /home/ubuntu/workspace/php/index.php:0
[19-Oct-2017 06:15:44 UTC] PHP Warning:  mysqli_stmt::bind_param(): Number of elements in type definition string doesn't match number of bind variables in /home/ubuntu/workspace/php/model/mdl_ssn.php on line 160
[19-Oct-2017 06:15:44 UTC] PHP Stack trace:
[19-Oct-2017 06:15:44 UTC] PHP   1. {main}() /home/ubuntu/workspace/php/usr_lin.php:0
[19-Oct-2017 06:15:44 UTC] PHP   2. UserSession->create() /home/ubuntu/workspace/php/usr_lin.php:41
[19-Oct-2017 06:15:44 UTC] PHP   3. mysqli_stmt->bind_param() /home/ubuntu/workspace/php/model/mdl_ssn.php:160
